Traceback (most recent call last):
  File "_pydevd_frame_eval\pydevd_frame_evaluator_win32_310_64.pyx", line 165, in _pydevd_frame_eval.pydevd_frame_evaluator_win32_310_64.get_func_code_info
KeyError: 'C:\\Users\\iinse\\.conda\\envs\\tfgpu\\lib\\site-packages\\pandas_ta\\momentum\\brar.py'

During handling of the above exception, another exception occurred:

Traceback (most recent call last):
  File "D:\Python\PyCharmCE2023\PyCharm Community Edition 2023.3.2\plugins\python-ce\helpers\pydev\pydevd_file_utils.py", line 563, in get_abs_path_real_path_and_base_from_file
    return NORM_PATHS_AND_BASE_CONTAINER[f]
KeyError: 'C:\\Users\\iinse\\.conda\\envs\\tfgpu\\lib\\site-packages\\pandas_ta\\momentum\\brar.py'

During handling of the above exception, another exception occurred:

Traceback (most recent call last):
  File "D:\Python\PyCharmCE2023\PyCharm Community Edition 2023.3.2\plugins\python-ce\helpers\pydev\pydevd_file_utils.py", line 230, in _NormPaths
    return NORM_PATHS_CONTAINER[filename]
KeyError: 'C:\\Users\\iinse\\.conda\\envs\\tfgpu\\lib\\site-packages\\pandas_ta\\momentum\\brar.py'

During handling of the above exception, another exception occurred:

Traceback (most recent call last):
  File "_pydevd_frame_eval\pydevd_frame_evaluator_win32_310_64.pyx", line 167, in _pydevd_frame_eval.pydevd_frame_evaluator_win32_310_64.get_func_code_info
  File "D:\Python\PyCharmCE2023\PyCharm Community Edition 2023.3.2\plugins\python-ce\helpers\pydev\pydevd_file_utils.py", line 577, in get_abs_path_real_path_and_base_from_file
    abs_path, real_path = _NormPaths(f)
  File "D:\Python\PyCharmCE2023\PyCharm Community Edition 2023.3.2\plugins\python-ce\helpers\pydev\pydevd_file_utils.py", line 238, in _NormPaths
    real_path = _NormPath(filename, rPath)
  File "D:\Python\PyCharmCE2023\PyCharm Community Edition 2023.3.2\plugins\python-ce\helpers\pydev\pydevd_file_utils.py", line 246, in _NormPath
    r = normpath(filename)
  File "C:\Users\iinse\.conda\envs\tfgpu\lib\ntpath.py", line 681, in realpath
    cwd = os.getcwd()
KeyboardInterrupt
